2020-04-30 14:51:35,103 INFO o.a.j.u.JMeterUtils: Setting Locale to en_EN
2020-04-30 14:51:35,148 INFO o.a.j.JMeter: Loading user properties from: /opt/apache-jmeter-5.1.1/bin/user.properties
2020-04-30 14:51:35,149 INFO o.a.j.JMeter: Loading system properties from: /opt/apache-jmeter-5.1.1/bin/system.properties
2020-04-30 14:51:35,160 INFO o.a.j.JMeter: Copyright (c) 1998-2019 The Apache Software Foundation
2020-04-30 14:51:35,160 INFO o.a.j.JMeter: Version 5.1.1 r1855137
2020-04-30 14:51:35,160 INFO o.a.j.JMeter: java.version=1.8.0_222
2020-04-30 14:51:35,161 INFO o.a.j.JMeter: java.vm.name=OpenJDK 64-Bit Server VM
2020-04-30 14:51:35,161 INFO o.a.j.JMeter: os.name=Linux
2020-04-30 14:51:35,161 INFO o.a.j.JMeter: os.arch=amd64
2020-04-30 14:51:35,161 INFO o.a.j.JMeter: os.version=4.9.0-8-amd64
2020-04-30 14:51:35,161 INFO o.a.j.JMeter: file.encoding=UTF-8
2020-04-30 14:51:35,161 INFO o.a.j.JMeter: java.awt.headless=true
2020-04-30 14:51:35,161 INFO o.a.j.JMeter: Max memory     =150994944
2020-04-30 14:51:35,161 INFO o.a.j.JMeter: Available Processors =2
2020-04-30 14:51:35,170 INFO o.a.j.JMeter: Default Locale=English (EN)
2020-04-30 14:51:35,171 INFO o.a.j.JMeter: JMeter  Locale=English (EN)
2020-04-30 14:51:35,171 INFO o.a.j.JMeter: JMeterHome=/opt/apache-jmeter-5.1.1
2020-04-30 14:51:35,171 INFO o.a.j.JMeter: user.dir  =/home/admin/docker-jmeter
2020-04-30 14:51:35,171 INFO o.a.j.JMeter: PWD       =/home/admin/docker-jmeter
2020-04-30 14:51:35,171 INFO o.a.j.JMeter: IP: 172.17.0.5 Name: d77fb0b8913b FullName: d77fb0b8913b
2020-04-30 14:51:35,178 INFO o.a.j.s.FileServer: Default base='/home/admin/docker-jmeter'
2020-04-30 14:51:35,195 INFO o.a.j.s.FileServer: Set new base='/home/admin/docker-jmeter'
2020-04-30 14:51:35,480 INFO o.a.j.s.SaveService: Testplan (JMX) version: 2.2. Testlog (JTL) version: 2.2
2020-04-30 14:51:35,519 INFO o.a.j.s.SaveService: Using SaveService properties file encoding UTF-8
2020-04-30 14:51:35,528 INFO o.a.j.s.SaveService: Using SaveService properties version 5.0
2020-04-30 14:51:35,541 INFO o.a.j.s.SaveService: Loading file: jmeter_dev.jmx
2020-04-30 14:51:35,652 INFO o.a.j.p.h.s.HTTPSamplerBase: Parser for text/html is org.apache.jmeter.protocol.http.parser.LagartoBasedHtmlParser
2020-04-30 14:51:35,652 INFO o.a.j.p.h.s.HTTPSamplerBase: Parser for application/xhtml+xml is org.apache.jmeter.protocol.http.parser.LagartoBasedHtmlParser
2020-04-30 14:51:35,652 INFO o.a.j.p.h.s.HTTPSamplerBase: Parser for application/xml is org.apache.jmeter.protocol.http.parser.LagartoBasedHtmlParser
2020-04-30 14:51:35,652 INFO o.a.j.p.h.s.HTTPSamplerBase: Parser for text/xml is org.apache.jmeter.protocol.http.parser.LagartoBasedHtmlParser
2020-04-30 14:51:35,653 INFO o.a.j.p.h.s.HTTPSamplerBase: Parser for text/vnd.wap.wml is org.apache.jmeter.protocol.http.parser.RegexpHTMLParser
2020-04-30 14:51:35,653 INFO o.a.j.p.h.s.HTTPSamplerBase: Parser for text/css is org.apache.jmeter.protocol.http.parser.CssParser
2020-04-30 14:51:35,726 INFO o.a.j.JMeter: Creating summariser <summary>
2020-04-30 14:51:35,735 INFO o.a.j.e.StandardJMeterEngine: Running the test!
2020-04-30 14:51:35,739 INFO o.a.j.s.SampleEvent: List of sample_variables: []
2020-04-30 14:51:35,741 INFO o.a.j.s.SampleEvent: List of sample_variables: []
2020-04-30 14:51:35,754 INFO o.a.j.e.u.CompoundVariable: Note: Function class names must contain the string: '.functions.'
2020-04-30 14:51:35,754 INFO o.a.j.e.u.CompoundVariable: Note: Function class names must not contain the string: '.gui.'
2020-04-30 14:51:36,824 INFO o.a.j.JMeter: Running test (1588258296824)
2020-04-30 14:51:36,885 INFO o.a.j.e.StandardJMeterEngine: Starting ThreadGroup: 1 : Thread Group
2020-04-30 14:51:36,886 INFO o.a.j.e.StandardJMeterEngine: Starting 100 threads for group Thread Group.
2020-04-30 14:51:36,886 INFO o.a.j.e.StandardJMeterEngine: Thread will continue on error
2020-04-30 14:51:36,886 INFO o.a.j.t.ThreadGroup: Starting thread group... number=1 threads=100 ramp-up=1 delayedStart=false
2020-04-30 14:51:36,907 INFO o.a.j.t.JMeterThread: Thread started: Thread Group 1-1
2020-04-30 14:51:36,909 INFO o.a.j.t.JMeterThread: Thread started: Thread Group 1-2
2020-04-30 14:51:36,911 INFO o.a.j.t.JMeterThread: Thread started: Thread Group 1-3
2020-04-30 14:51:36,920 INFO o.a.j.s.SampleResult: Note: Sample TimeStamps are START times
2020-04-30 14:51:36,920 INFO o.a.j.s.SampleResult: sampleresult.default.encoding is set to ISO-8859-1
2020-04-30 14:51:36,920 INFO o.a.j.s.SampleResult: sampleresult.useNanoTime=true
2020-04-30 14:51:36,920 INFO o.a.j.s.SampleResult: sampleresult.nanoThreadSleep=5000
2020-04-30 14:51:36,923 INFO o.a.j.t.JMeterThread: Thread started: Thread Group 1-4
2020-04-30 14:51:36,929 INFO o.a.j.t.JMeterThread: Thread started: Thread Group 1-5
2020-04-30 14:51:36,941 INFO o.a.j.t.JMeterThread: Thread started: Thread Group 1-6
2020-04-30 14:51:36,952 INFO o.a.j.t.JMeterThread: Thread started: Thread Group 1-7
2020-04-30 14:51:36,962 INFO o.a.j.t.JMeterThread: Thread started: Thread Group 1-8
2020-04-30 14:51:36,971 INFO o.a.j.t.JMeterThread: Thread started: Thread Group 1-9
2020-04-30 14:51:36,980 INFO o.a.j.t.JMeterThread: Thread started: Thread Group 1-10
2020-04-30 14:51:36,991 INFO o.a.j.t.JMeterThread: Thread started: Thread Group 1-11
2020-04-30 14:51:37,009 INFO o.a.j.t.JMeterThread: Thread started: Thread Group 1-12
2020-04-30 14:51:37,021 INFO o.a.j.t.JMeterThread: Thread started: Thread Group 1-13
2020-04-30 14:51:37,025 INFO o.a.j.t.JMeterThread: Thread started: Thread Group 1-14
2020-04-30 14:51:37,037 INFO o.a.j.t.JMeterThread: Thread started: Thread Group 1-15
2020-04-30 14:51:37,044 INFO o.a.j.t.JMeterThread: Thread started: Thread Group 1-16
2020-04-30 14:51:37,057 INFO o.a.j.t.JMeterThread: Thread started: Thread Group 1-17
2020-04-30 14:51:37,067 INFO o.a.j.t.JMeterThread: Thread started: Thread Group 1-18
2020-04-30 14:51:37,068 INFO o.a.j.t.JMeterThread: Thread started: Thread Group 1-19
2020-04-30 14:51:37,079 INFO o.a.j.t.JMeterThread: Thread started: Thread Group 1-20
2020-04-30 14:51:37,091 INFO o.a.j.t.JMeterThread: Thread started: Thread Group 1-21
2020-04-30 14:51:37,109 INFO o.a.j.t.JMeterThread: Thread started: Thread Group 1-22
2020-04-30 14:51:37,114 INFO o.a.j.t.JMeterThread: Thread started: Thread Group 1-23
2020-04-30 14:51:37,120 INFO o.a.j.t.JMeterThread: Thread started: Thread Group 1-24
2020-04-30 14:51:37,134 INFO o.a.j.t.JMeterThread: Thread started: Thread Group 1-25
2020-04-30 14:51:37,137 INFO o.a.j.t.JMeterThread: Thread started: Thread Group 1-26
2020-04-30 14:51:37,138 INFO o.a.j.t.ThreadGroup: Started thread group number 1
2020-04-30 14:51:37,139 INFO o.a.j.e.StandardJMeterEngine: All thread groups have been started
2020-04-30 14:51:37,155 INFO o.a.j.t.JMeterThread: Thread started: Thread Group 1-27
2020-04-30 14:51:37,157 INFO o.a.j.t.JMeterThread: Thread started: Thread Group 1-28
2020-04-30 14:51:37,175 INFO o.a.j.t.JMeterThread: Thread started: Thread Group 1-29
2020-04-30 14:51:37,178 INFO o.a.j.t.JMeterThread: Thread started: Thread Group 1-30
2020-04-30 14:51:37,199 INFO o.a.j.t.JMeterThread: Thread started: Thread Group 1-32
2020-04-30 14:51:37,200 INFO o.a.j.t.JMeterThread: Thread started: Thread Group 1-31
2020-04-30 14:51:37,207 INFO o.a.j.t.JMeterThread: Thread started: Thread Group 1-33
2020-04-30 14:51:37,221 INFO o.a.j.t.JMeterThread: Thread started: Thread Group 1-34
2020-04-30 14:51:37,228 INFO o.a.j.t.JMeterThread: Thread started: Thread Group 1-35
2020-04-30 14:51:37,243 INFO o.a.j.t.JMeterThread: Thread started: Thread Group 1-36
2020-04-30 14:51:37,248 INFO o.a.j.t.JMeterThread: Thread started: Thread Group 1-37
2020-04-30 14:51:37,257 INFO o.a.j.t.JMeterThread: Thread started: Thread Group 1-38
2020-04-30 14:51:37,267 INFO o.a.j.t.JMeterThread: Thread started: Thread Group 1-39
2020-04-30 14:51:37,278 INFO o.a.j.t.JMeterThread: Thread started: Thread Group 1-40
2020-04-30 14:51:37,287 INFO o.a.j.t.JMeterThread: Thread started: Thread Group 1-41
2020-04-30 14:51:37,298 INFO o.a.j.t.JMeterThread: Thread started: Thread Group 1-42
2020-04-30 14:51:37,307 INFO o.a.j.t.JMeterThread: Thread started: Thread Group 1-43
2020-04-30 14:51:37,317 INFO o.a.j.t.JMeterThread: Thread started: Thread Group 1-44
2020-04-30 14:51:37,328 INFO o.a.j.t.JMeterThread: Thread started: Thread Group 1-45
2020-04-30 14:51:37,337 INFO o.a.j.t.JMeterThread: Thread started: Thread Group 1-46
2020-04-30 14:51:37,348 INFO o.a.j.t.JMeterThread: Thread started: Thread Group 1-47
2020-04-30 14:51:37,357 INFO o.a.j.t.JMeterThread: Thread started: Thread Group 1-48
2020-04-30 14:51:37,367 INFO o.a.j.t.JMeterThread: Thread started: Thread Group 1-49
2020-04-30 14:51:37,378 INFO o.a.j.t.JMeterThread: Thread started: Thread Group 1-50
2020-04-30 14:51:37,387 INFO o.a.j.t.JMeterThread: Thread started: Thread Group 1-51
2020-04-30 14:51:37,398 INFO o.a.j.t.JMeterThread: Thread started: Thread Group 1-52
2020-04-30 14:51:37,413 INFO o.a.j.t.JMeterThread: Thread started: Thread Group 1-53
2020-04-30 14:51:37,424 INFO o.a.j.t.JMeterThread: Thread started: Thread Group 1-54
2020-04-30 14:51:37,432 INFO o.a.j.t.JMeterThread: Thread started: Thread Group 1-55
2020-04-30 14:51:37,445 INFO o.a.j.t.JMeterThread: Thread started: Thread Group 1-56
2020-04-30 14:51:37,447 INFO o.a.j.t.JMeterThread: Thread started: Thread Group 1-57
2020-04-30 14:51:37,465 INFO o.a.j.t.JMeterThread: Thread started: Thread Group 1-58
2020-04-30 14:51:37,468 INFO o.a.j.t.JMeterThread: Thread started: Thread Group 1-59
2020-04-30 14:51:37,477 INFO o.a.j.t.JMeterThread: Thread started: Thread Group 1-60
2020-04-30 14:51:37,487 INFO o.a.j.t.JMeterThread: Thread started: Thread Group 1-61
2020-04-30 14:51:37,497 INFO o.a.j.t.JMeterThread: Thread started: Thread Group 1-62
2020-04-30 14:51:37,507 INFO o.a.j.t.JMeterThread: Thread started: Thread Group 1-63
2020-04-30 14:51:37,518 INFO o.a.j.t.JMeterThread: Thread started: Thread Group 1-64
2020-04-30 14:51:37,527 INFO o.a.j.t.JMeterThread: Thread started: Thread Group 1-65
2020-04-30 14:51:37,550 INFO o.a.j.t.JMeterThread: Thread started: Thread Group 1-67
2020-04-30 14:51:37,551 INFO o.a.j.t.JMeterThread: Thread started: Thread Group 1-66
2020-04-30 14:51:37,557 INFO o.a.j.t.JMeterThread: Thread started: Thread Group 1-68
2020-04-30 14:51:37,568 INFO o.a.j.t.JMeterThread: Thread started: Thread Group 1-69
2020-04-30 14:51:37,578 INFO o.a.j.t.JMeterThread: Thread started: Thread Group 1-70
2020-04-30 14:51:37,593 INFO o.a.j.t.JMeterThread: Thread started: Thread Group 1-71
2020-04-30 14:51:37,598 INFO o.a.j.t.JMeterThread: Thread started: Thread Group 1-72
2020-04-30 14:51:37,608 INFO o.a.j.t.JMeterThread: Thread started: Thread Group 1-73
2020-04-30 14:51:37,621 INFO o.a.j.t.JMeterThread: Thread started: Thread Group 1-74
2020-04-30 14:51:37,631 INFO o.a.j.t.JMeterThread: Thread started: Thread Group 1-75
2020-04-30 14:51:37,648 INFO o.a.j.t.JMeterThread: Thread started: Thread Group 1-77
2020-04-30 14:51:37,640 INFO o.a.j.t.JMeterThread: Thread started: Thread Group 1-76
2020-04-30 14:51:37,657 INFO o.a.j.t.JMeterThread: Thread started: Thread Group 1-78
2020-04-30 14:51:37,677 INFO o.a.j.t.JMeterThread: Thread started: Thread Group 1-79
2020-04-30 14:51:37,691 INFO o.a.j.t.JMeterThread: Thread started: Thread Group 1-80
2020-04-30 14:51:37,694 INFO o.a.j.t.JMeterThread: Thread started: Thread Group 1-81
2020-04-30 14:51:37,699 INFO o.a.j.t.JMeterThread: Thread started: Thread Group 1-82
2020-04-30 14:51:37,731 INFO o.a.j.t.JMeterThread: Thread started: Thread Group 1-83
2020-04-30 14:51:37,732 INFO o.a.j.t.JMeterThread: Thread started: Thread Group 1-85
2020-04-30 14:51:37,733 INFO o.a.j.t.JMeterThread: Thread started: Thread Group 1-84
2020-04-30 14:51:37,738 INFO o.a.j.t.JMeterThread: Thread started: Thread Group 1-86
2020-04-30 14:51:37,747 INFO o.a.j.t.JMeterThread: Thread started: Thread Group 1-87
2020-04-30 14:51:37,758 INFO o.a.j.t.JMeterThread: Thread started: Thread Group 1-88
2020-04-30 14:51:37,769 INFO o.a.j.t.JMeterThread: Thread started: Thread Group 1-89
2020-04-30 14:51:37,770 INFO o.a.j.p.h.s.HTTPHCAbstractImpl: Local host = d77fb0b8913b
2020-04-30 14:51:37,777 INFO o.a.j.t.JMeterThread: Thread started: Thread Group 1-90
2020-04-30 14:51:37,787 INFO o.a.j.t.JMeterThread: Thread started: Thread Group 1-91
2020-04-30 14:51:37,789 INFO o.a.j.p.h.s.HTTPHC4Impl: HTTP request retry count = 0
2020-04-30 14:51:37,798 INFO o.a.j.t.JMeterThread: Thread started: Thread Group 1-92
2020-04-30 14:51:37,808 INFO o.a.j.t.JMeterThread: Thread started: Thread Group 1-93
2020-04-30 14:51:37,818 INFO o.a.j.t.JMeterThread: Thread started: Thread Group 1-94
2020-04-30 14:51:37,827 INFO o.a.j.t.JMeterThread: Thread started: Thread Group 1-95
2020-04-30 14:51:37,838 INFO o.a.j.t.JMeterThread: Thread started: Thread Group 1-96
2020-04-30 14:51:37,847 INFO o.a.j.t.JMeterThread: Thread started: Thread Group 1-97
2020-04-30 14:51:37,858 INFO o.a.j.t.JMeterThread: Thread started: Thread Group 1-98
2020-04-30 14:51:37,868 INFO o.a.j.t.JMeterThread: Thread started: Thread Group 1-99
2020-04-30 14:51:37,878 INFO o.a.j.t.JMeterThread: Thread started: Thread Group 1-100
2020-04-30 14:51:38,440 INFO o.a.j.t.JMeterThread: Thread is done: Thread Group 1-70
2020-04-30 14:51:38,440 INFO o.a.j.t.JMeterThread: Thread finished: Thread Group 1-70
2020-04-30 14:51:38,442 INFO o.a.j.t.JMeterThread: Thread is done: Thread Group 1-32
2020-04-30 14:51:38,442 INFO o.a.j.t.JMeterThread: Thread finished: Thread Group 1-32
2020-04-30 14:51:38,441 INFO o.a.j.t.JMeterThread: Thread is done: Thread Group 1-82
2020-04-30 14:51:38,442 INFO o.a.j.t.JMeterThread: Thread finished: Thread Group 1-82
2020-04-30 14:51:38,444 INFO o.a.j.t.JMeterThread: Thread is done: Thread Group 1-58
2020-04-30 14:51:38,444 INFO o.a.j.t.JMeterThread: Thread finished: Thread Group 1-58
2020-04-30 14:51:38,445 INFO o.a.j.t.JMeterThread: Thread is done: Thread Group 1-93
2020-04-30 14:51:38,446 INFO o.a.j.t.JMeterThread: Thread finished: Thread Group 1-93
2020-04-30 14:51:38,447 INFO o.a.j.t.JMeterThread: Thread is done: Thread Group 1-47
2020-04-30 14:51:38,447 INFO o.a.j.t.JMeterThread: Thread finished: Thread Group 1-47
2020-04-30 14:51:38,448 INFO o.a.j.t.JMeterThread: Thread is done: Thread Group 1-8
2020-04-30 14:51:38,448 INFO o.a.j.t.JMeterThread: Thread finished: Thread Group 1-8
2020-04-30 14:51:38,449 INFO o.a.j.t.JMeterThread: Thread is done: Thread Group 1-50
2020-04-30 14:51:38,449 INFO o.a.j.t.JMeterThread: Thread finished: Thread Group 1-50
2020-04-30 14:51:38,450 INFO o.a.j.t.JMeterThread: Thread is done: Thread Group 1-88
2020-04-30 14:51:38,450 INFO o.a.j.t.JMeterThread: Thread finished: Thread Group 1-88
2020-04-30 14:51:38,452 INFO o.a.j.t.JMeterThread: Thread is done: Thread Group 1-35
2020-04-30 14:51:38,452 INFO o.a.j.t.JMeterThread: Thread finished: Thread Group 1-35
2020-04-30 14:51:38,453 INFO o.a.j.t.JMeterThread: Thread is done: Thread Group 1-66
2020-04-30 14:51:38,453 INFO o.a.j.t.JMeterThread: Thread finished: Thread Group 1-66
2020-04-30 14:51:38,454 INFO o.a.j.t.JMeterThread: Thread is done: Thread Group 1-43
2020-04-30 14:51:38,454 INFO o.a.j.t.JMeterThread: Thread finished: Thread Group 1-43
2020-04-30 14:51:38,455 INFO o.a.j.t.JMeterThread: Thread is done: Thread Group 1-79
2020-04-30 14:51:38,455 INFO o.a.j.t.JMeterThread: Thread finished: Thread Group 1-79
2020-04-30 14:51:38,456 INFO o.a.j.t.JMeterThread: Thread is done: Thread Group 1-27
2020-04-30 14:51:38,456 INFO o.a.j.t.JMeterThread: Thread finished: Thread Group 1-27
2020-04-30 14:51:38,459 INFO o.a.j.t.JMeterThread: Thread is done: Thread Group 1-72
2020-04-30 14:51:38,459 INFO o.a.j.t.JMeterThread: Thread finished: Thread Group 1-72
2020-04-30 14:51:38,460 INFO o.a.j.t.JMeterThread: Thread is done: Thread Group 1-60
2020-04-30 14:51:38,460 INFO o.a.j.t.JMeterThread: Thread finished: Thread Group 1-60
2020-04-30 14:51:38,461 INFO o.a.j.t.JMeterThread: Thread is done: Thread Group 1-53
2020-04-30 14:51:38,461 INFO o.a.j.t.JMeterThread: Thread finished: Thread Group 1-53
2020-04-30 14:51:38,462 INFO o.a.j.t.JMeterThread: Thread is done: Thread Group 1-62
2020-04-30 14:51:38,462 INFO o.a.j.t.JMeterThread: Thread finished: Thread Group 1-62
2020-04-30 14:51:38,463 INFO o.a.j.t.JMeterThread: Thread is done: Thread Group 1-78
2020-04-30 14:51:38,463 INFO o.a.j.t.JMeterThread: Thread finished: Thread Group 1-78
2020-04-30 14:51:38,465 INFO o.a.j.t.JMeterThread: Thread is done: Thread Group 1-65
2020-04-30 14:51:38,465 INFO o.a.j.t.JMeterThread: Thread finished: Thread Group 1-65
2020-04-30 14:51:38,466 INFO o.a.j.t.JMeterThread: Thread is done: Thread Group 1-56
2020-04-30 14:51:38,466 INFO o.a.j.t.JMeterThread: Thread finished: Thread Group 1-56
2020-04-30 14:51:38,467 INFO o.a.j.t.JMeterThread: Thread is done: Thread Group 1-30
2020-04-30 14:51:38,467 INFO o.a.j.t.JMeterThread: Thread finished: Thread Group 1-30
2020-04-30 14:51:38,468 INFO o.a.j.t.JMeterThread: Thread is done: Thread Group 1-15
2020-04-30 14:51:38,468 INFO o.a.j.t.JMeterThread: Thread finished: Thread Group 1-15
2020-04-30 14:51:38,469 INFO o.a.j.t.JMeterThread: Thread is done: Thread Group 1-76
2020-04-30 14:51:38,469 INFO o.a.j.t.JMeterThread: Thread finished: Thread Group 1-76
2020-04-30 14:51:38,470 INFO o.a.j.t.JMeterThread: Thread is done: Thread Group 1-28
2020-04-30 14:51:38,471 INFO o.a.j.t.JMeterThread: Thread finished: Thread Group 1-28
2020-04-30 14:51:38,472 INFO o.a.j.t.JMeterThread: Thread is done: Thread Group 1-5
2020-04-30 14:51:38,472 INFO o.a.j.t.JMeterThread: Thread finished: Thread Group 1-5
2020-04-30 14:51:38,472 INFO o.a.j.t.JMeterThread: Thread is done: Thread Group 1-21
2020-04-30 14:51:38,472 INFO o.a.j.t.JMeterThread: Thread finished: Thread Group 1-21
2020-04-30 14:51:38,473 INFO o.a.j.t.JMeterThread: Thread is done: Thread Group 1-14
2020-04-30 14:51:38,473 INFO o.a.j.t.JMeterThread: Thread finished: Thread Group 1-14
2020-04-30 14:51:38,474 INFO o.a.j.t.JMeterThread: Thread is done: Thread Group 1-38
2020-04-30 14:51:38,474 INFO o.a.j.t.JMeterThread: Thread finished: Thread Group 1-38
2020-04-30 14:51:38,474 INFO o.a.j.t.JMeterThread: Thread is done: Thread Group 1-37
2020-04-30 14:51:38,474 INFO o.a.j.t.JMeterThread: Thread finished: Thread Group 1-37
2020-04-30 14:51:38,474 INFO o.a.j.t.JMeterThread: Thread is done: Thread Group 1-6
2020-04-30 14:51:38,474 INFO o.a.j.t.JMeterThread: Thread finished: Thread Group 1-6
2020-04-30 14:51:38,475 INFO o.a.j.t.JMeterThread: Thread is done: Thread Group 1-67
2020-04-30 14:51:38,475 INFO o.a.j.t.JMeterThread: Thread finished: Thread Group 1-67
2020-04-30 14:51:38,476 INFO o.a.j.t.JMeterThread: Thread is done: Thread Group 1-22
2020-04-30 14:51:38,476 INFO o.a.j.t.JMeterThread: Thread finished: Thread Group 1-22
2020-04-30 14:51:38,477 INFO o.a.j.t.JMeterThread: Thread is done: Thread Group 1-96
2020-04-30 14:51:38,478 INFO o.a.j.t.JMeterThread: Thread finished: Thread Group 1-96
2020-04-30 14:51:38,478 INFO o.a.j.t.JMeterThread: Thread is done: Thread Group 1-18
2020-04-30 14:51:38,478 INFO o.a.j.t.JMeterThread: Thread finished: Thread Group 1-18
2020-04-30 14:51:38,479 INFO o.a.j.t.JMeterThread: Thread is done: Thread Group 1-2
2020-04-30 14:51:38,479 INFO o.a.j.t.JMeterThread: Thread finished: Thread Group 1-2
2020-04-30 14:51:38,480 INFO o.a.j.t.JMeterThread: Thread is done: Thread Group 1-68
2020-04-30 14:51:38,480 INFO o.a.j.t.JMeterThread: Thread finished: Thread Group 1-68
2020-04-30 14:51:38,482 INFO o.a.j.t.JMeterThread: Thread is done: Thread Group 1-64
2020-04-30 14:51:38,482 INFO o.a.j.t.JMeterThread: Thread finished: Thread Group 1-64
2020-04-30 14:51:38,483 INFO o.a.j.t.JMeterThread: Thread is done: Thread Group 1-45
2020-04-30 14:51:38,483 INFO o.a.j.t.JMeterThread: Thread finished: Thread Group 1-45
2020-04-30 14:51:38,484 INFO o.a.j.t.JMeterThread: Thread is done: Thread Group 1-20
2020-04-30 14:51:38,484 INFO o.a.j.t.JMeterThread: Thread finished: Thread Group 1-20
2020-04-30 14:51:38,485 INFO o.a.j.t.JMeterThread: Thread is done: Thread Group 1-71
2020-04-30 14:51:38,485 INFO o.a.j.t.JMeterThread: Thread finished: Thread Group 1-71
2020-04-30 14:51:38,486 INFO o.a.j.t.JMeterThread: Thread is done: Thread Group 1-3
2020-04-30 14:51:38,486 INFO o.a.j.t.JMeterThread: Thread finished: Thread Group 1-3
2020-04-30 14:51:38,487 INFO o.a.j.t.JMeterThread: Thread is done: Thread Group 1-36
2020-04-30 14:51:38,488 INFO o.a.j.t.JMeterThread: Thread finished: Thread Group 1-36
2020-04-30 14:51:38,489 INFO o.a.j.t.JMeterThread: Thread is done: Thread Group 1-51
2020-04-30 14:51:38,489 INFO o.a.j.t.JMeterThread: Thread finished: Thread Group 1-51
2020-04-30 14:51:38,491 INFO o.a.j.t.JMeterThread: Thread is done: Thread Group 1-10
2020-04-30 14:51:38,491 INFO o.a.j.t.JMeterThread: Thread finished: Thread Group 1-10
2020-04-30 14:51:38,492 INFO o.a.j.t.JMeterThread: Thread is done: Thread Group 1-42
2020-04-30 14:51:38,492 INFO o.a.j.t.JMeterThread: Thread finished: Thread Group 1-42
2020-04-30 14:51:38,492 INFO o.a.j.t.JMeterThread: Thread is done: Thread Group 1-74
2020-04-30 14:51:38,492 INFO o.a.j.t.JMeterThread: Thread finished: Thread Group 1-74
2020-04-30 14:51:38,496 INFO o.a.j.t.JMeterThread: Thread is done: Thread Group 1-39
2020-04-30 14:51:38,497 INFO o.a.j.t.JMeterThread: Thread finished: Thread Group 1-39
2020-04-30 14:51:38,494 INFO o.a.j.t.JMeterThread: Thread is done: Thread Group 1-9
2020-04-30 14:51:38,497 INFO o.a.j.t.JMeterThread: Thread finished: Thread Group 1-9
2020-04-30 14:51:38,498 INFO o.a.j.t.JMeterThread: Thread is done: Thread Group 1-12
2020-04-30 14:51:38,498 INFO o.a.j.t.JMeterThread: Thread finished: Thread Group 1-12
2020-04-30 14:51:38,499 INFO o.a.j.t.JMeterThread: Thread is done: Thread Group 1-40
2020-04-30 14:51:38,499 INFO o.a.j.t.JMeterThread: Thread finished: Thread Group 1-40
2020-04-30 14:51:38,500 INFO o.a.j.t.JMeterThread: Thread is done: Thread Group 1-84
2020-04-30 14:51:38,500 INFO o.a.j.t.JMeterThread: Thread finished: Thread Group 1-84
2020-04-30 14:51:38,500 INFO o.a.j.t.JMeterThread: Thread is done: Thread Group 1-57
2020-04-30 14:51:38,500 INFO o.a.j.t.JMeterThread: Thread finished: Thread Group 1-57
2020-04-30 14:51:38,502 INFO o.a.j.t.JMeterThread: Thread is done: Thread Group 1-55
2020-04-30 14:51:38,502 INFO o.a.j.t.JMeterThread: Thread finished: Thread Group 1-55
2020-04-30 14:51:38,502 INFO o.a.j.t.JMeterThread: Thread is done: Thread Group 1-52
2020-04-30 14:51:38,502 INFO o.a.j.t.JMeterThread: Thread finished: Thread Group 1-52
2020-04-30 14:51:38,503 INFO o.a.j.t.JMeterThread: Thread is done: Thread Group 1-7
2020-04-30 14:51:38,503 INFO o.a.j.t.JMeterThread: Thread finished: Thread Group 1-7
2020-04-30 14:51:38,504 INFO o.a.j.t.JMeterThread: Thread is done: Thread Group 1-24
2020-04-30 14:51:38,504 INFO o.a.j.t.JMeterThread: Thread finished: Thread Group 1-24
2020-04-30 14:51:38,506 INFO o.a.j.t.JMeterThread: Thread is done: Thread Group 1-33
2020-04-30 14:51:38,506 INFO o.a.j.t.JMeterThread: Thread finished: Thread Group 1-33
2020-04-30 14:51:38,507 INFO o.a.j.t.JMeterThread: Thread is done: Thread Group 1-34
2020-04-30 14:51:38,507 INFO o.a.j.t.JMeterThread: Thread finished: Thread Group 1-34
2020-04-30 14:51:38,508 INFO o.a.j.t.JMeterThread: Thread is done: Thread Group 1-16
2020-04-30 14:51:38,508 INFO o.a.j.t.JMeterThread: Thread finished: Thread Group 1-16
2020-04-30 14:51:38,511 INFO o.a.j.t.JMeterThread: Thread is done: Thread Group 1-77
2020-04-30 14:51:38,511 INFO o.a.j.t.JMeterThread: Thread finished: Thread Group 1-77
2020-04-30 14:51:38,512 INFO o.a.j.t.JMeterThread: Thread is done: Thread Group 1-23
2020-04-30 14:51:38,512 INFO o.a.j.t.JMeterThread: Thread finished: Thread Group 1-23
2020-04-30 14:51:38,513 INFO o.a.j.t.JMeterThread: Thread is done: Thread Group 1-19
2020-04-30 14:51:38,513 INFO o.a.j.t.JMeterThread: Thread finished: Thread Group 1-19
2020-04-30 14:51:38,514 INFO o.a.j.t.JMeterThread: Thread is done: Thread Group 1-91
2020-04-30 14:51:38,514 INFO o.a.j.t.JMeterThread: Thread finished: Thread Group 1-91
2020-04-30 14:51:38,515 INFO o.a.j.t.JMeterThread: Thread is done: Thread Group 1-26
2020-04-30 14:51:38,516 INFO o.a.j.t.JMeterThread: Thread finished: Thread Group 1-26
2020-04-30 14:51:38,517 INFO o.a.j.t.JMeterThread: Thread is done: Thread Group 1-17
2020-04-30 14:51:38,517 INFO o.a.j.t.JMeterThread: Thread finished: Thread Group 1-17
2020-04-30 14:51:38,518 INFO o.a.j.t.JMeterThread: Thread is done: Thread Group 1-41
2020-04-30 14:51:38,518 INFO o.a.j.t.JMeterThread: Thread finished: Thread Group 1-41
2020-04-30 14:51:38,519 INFO o.a.j.t.JMeterThread: Thread is done: Thread Group 1-1
2020-04-30 14:51:38,519 INFO o.a.j.t.JMeterThread: Thread finished: Thread Group 1-1
2020-04-30 14:51:38,520 INFO o.a.j.t.JMeterThread: Thread is done: Thread Group 1-95
2020-04-30 14:51:38,520 INFO o.a.j.t.JMeterThread: Thread finished: Thread Group 1-95
2020-04-30 14:51:38,521 INFO o.a.j.t.JMeterThread: Thread is done: Thread Group 1-90
2020-04-30 14:51:38,521 INFO o.a.j.t.JMeterThread: Thread finished: Thread Group 1-90
2020-04-30 14:51:38,524 INFO o.a.j.t.JMeterThread: Thread is done: Thread Group 1-59
2020-04-30 14:51:38,524 INFO o.a.j.t.JMeterThread: Thread finished: Thread Group 1-59
2020-04-30 14:51:38,525 INFO o.a.j.t.JMeterThread: Thread is done: Thread Group 1-29
2020-04-30 14:51:38,525 INFO o.a.j.t.JMeterThread: Thread finished: Thread Group 1-29
2020-04-30 14:51:38,525 INFO o.a.j.t.JMeterThread: Thread is done: Thread Group 1-54
2020-04-30 14:51:38,525 INFO o.a.j.t.JMeterThread: Thread finished: Thread Group 1-54
2020-04-30 14:51:38,526 INFO o.a.j.t.JMeterThread: Thread is done: Thread Group 1-11
2020-04-30 14:51:38,526 INFO o.a.j.t.JMeterThread: Thread finished: Thread Group 1-11
2020-04-30 14:51:38,526 INFO o.a.j.t.JMeterThread: Thread is done: Thread Group 1-89
2020-04-30 14:51:38,526 INFO o.a.j.t.JMeterThread: Thread finished: Thread Group 1-89
2020-04-30 14:51:38,526 INFO o.a.j.t.JMeterThread: Thread is done: Thread Group 1-4
2020-04-30 14:51:38,526 INFO o.a.j.t.JMeterThread: Thread finished: Thread Group 1-4
2020-04-30 14:51:38,526 INFO o.a.j.t.JMeterThread: Thread is done: Thread Group 1-61
2020-04-30 14:51:38,526 INFO o.a.j.t.JMeterThread: Thread finished: Thread Group 1-61
2020-04-30 14:51:38,527 INFO o.a.j.t.JMeterThread: Thread is done: Thread Group 1-83
2020-04-30 14:51:38,527 INFO o.a.j.t.JMeterThread: Thread finished: Thread Group 1-83
2020-04-30 14:51:38,528 INFO o.a.j.t.JMeterThread: Thread is done: Thread Group 1-100
2020-04-30 14:51:38,528 INFO o.a.j.t.JMeterThread: Thread finished: Thread Group 1-100
2020-04-30 14:51:38,529 INFO o.a.j.t.JMeterThread: Thread is done: Thread Group 1-99
2020-04-30 14:51:38,530 INFO o.a.j.t.JMeterThread: Thread finished: Thread Group 1-99
2020-04-30 14:51:38,531 INFO o.a.j.t.JMeterThread: Thread is done: Thread Group 1-69
2020-04-30 14:51:38,531 INFO o.a.j.t.JMeterThread: Thread finished: Thread Group 1-69
2020-04-30 14:51:38,532 INFO o.a.j.t.JMeterThread: Thread is done: Thread Group 1-98
2020-04-30 14:51:38,532 INFO o.a.j.t.JMeterThread: Thread finished: Thread Group 1-98
2020-04-30 14:51:38,532 INFO o.a.j.t.JMeterThread: Thread is done: Thread Group 1-13
2020-04-30 14:51:38,532 INFO o.a.j.t.JMeterThread: Thread finished: Thread Group 1-13
2020-04-30 14:51:38,534 INFO o.a.j.t.JMeterThread: Thread is done: Thread Group 1-75
2020-04-30 14:51:38,534 INFO o.a.j.t.JMeterThread: Thread finished: Thread Group 1-75
2020-04-30 14:51:38,535 INFO o.a.j.t.JMeterThread: Thread is done: Thread Group 1-80
2020-04-30 14:51:38,535 INFO o.a.j.t.JMeterThread: Thread finished: Thread Group 1-80
2020-04-30 14:51:38,536 INFO o.a.j.t.JMeterThread: Thread is done: Thread Group 1-48
2020-04-30 14:51:38,536 INFO o.a.j.t.JMeterThread: Thread finished: Thread Group 1-48
2020-04-30 14:51:38,537 INFO o.a.j.t.JMeterThread: Thread is done: Thread Group 1-44
2020-04-30 14:51:38,537 INFO o.a.j.t.JMeterThread: Thread finished: Thread Group 1-44
2020-04-30 14:51:38,538 INFO o.a.j.t.JMeterThread: Thread is done: Thread Group 1-92
2020-04-30 14:51:38,538 INFO o.a.j.t.JMeterThread: Thread finished: Thread Group 1-92
2020-04-30 14:51:38,542 INFO o.a.j.t.JMeterThread: Thread is done: Thread Group 1-81
2020-04-30 14:51:38,542 INFO o.a.j.t.JMeterThread: Thread finished: Thread Group 1-81
2020-04-30 14:51:38,544 INFO o.a.j.t.JMeterThread: Thread is done: Thread Group 1-97
2020-04-30 14:51:38,544 INFO o.a.j.t.JMeterThread: Thread finished: Thread Group 1-97
2020-04-30 14:51:38,546 INFO o.a.j.t.JMeterThread: Thread is done: Thread Group 1-73
2020-04-30 14:51:38,546 INFO o.a.j.t.JMeterThread: Thread finished: Thread Group 1-73
2020-04-30 14:51:38,549 INFO o.a.j.t.JMeterThread: Thread is done: Thread Group 1-49
2020-04-30 14:51:38,549 INFO o.a.j.t.JMeterThread: Thread finished: Thread Group 1-49
2020-04-30 14:51:38,550 INFO o.a.j.t.JMeterThread: Thread is done: Thread Group 1-25
2020-04-30 14:51:38,550 INFO o.a.j.t.JMeterThread: Thread finished: Thread Group 1-25
2020-04-30 14:51:38,555 INFO o.a.j.t.JMeterThread: Thread is done: Thread Group 1-31
2020-04-30 14:51:38,555 INFO o.a.j.t.JMeterThread: Thread finished: Thread Group 1-31
2020-04-30 14:51:38,556 INFO o.a.j.t.JMeterThread: Thread is done: Thread Group 1-85
2020-04-30 14:51:38,556 INFO o.a.j.t.JMeterThread: Thread finished: Thread Group 1-85
2020-04-30 14:51:38,556 INFO o.a.j.t.JMeterThread: Thread is done: Thread Group 1-63
2020-04-30 14:51:38,556 INFO o.a.j.t.JMeterThread: Thread finished: Thread Group 1-63
2020-04-30 14:51:38,556 INFO o.a.j.t.JMeterThread: Thread is done: Thread Group 1-46
2020-04-30 14:51:38,556 INFO o.a.j.t.JMeterThread: Thread finished: Thread Group 1-46
2020-04-30 14:51:38,557 INFO o.a.j.t.JMeterThread: Thread is done: Thread Group 1-94
2020-04-30 14:51:38,557 INFO o.a.j.t.JMeterThread: Thread finished: Thread Group 1-94
2020-04-30 14:51:38,558 INFO o.a.j.t.JMeterThread: Thread is done: Thread Group 1-87
2020-04-30 14:51:38,558 INFO o.a.j.t.JMeterThread: Thread finished: Thread Group 1-87
2020-04-30 14:51:38,560 INFO o.a.j.t.JMeterThread: Thread is done: Thread Group 1-86
2020-04-30 14:51:38,560 INFO o.a.j.t.JMeterThread: Thread finished: Thread Group 1-86
2020-04-30 14:51:38,560 INFO o.a.j.e.StandardJMeterEngine: Notifying test listeners of end of test
2020-04-30 14:51:38,561 INFO o.a.j.r.Summariser: summary =    600 in 00:00:02 =  345.4/s Avg:    88 Min:     0 Max:   774 Err:   400 (66.67%)
